--- DEBUG START ---

Testing Movie: Predator: Badlands (2025)
📡 [4KHDHub] Resolved Base URL: https://4khdhub.dad
Manual Fetch: https://4khdhub.dad/?s=Predator%20Badlands%202025
Manual Link (Original): /predator-badlands-movie-5215/
Manual Link (Resolved): https://4khdhub.dad/predator-badlands-movie-5215/
Page HTML Length: 94414
Dumped debug_page.html
.download-item count: 9
Item 0: Predator: Badlands (2160p WEB-DL HDR DV HEVC) 18.88 GB English WEB-DL Predator.Badlands.2025.2160p.M...
Item 1: Predator: Badlands (2160p WEB-DL SDR HEVC) 18.87 GB English WEB-DL Predator.Badlands.2025.2160p.MA.W...
Item 2: Predator: Badlands (2160p WEB-DL HDR10+ DV HEVC) 18.55 GB English WEB-DL Predator.Badlands.2025.2160...
Item 3: Predator: Badlands (2160p WEB-DL HDR HEVC) 15.15 GB English WEB-DL Predator.Badlands.2025.2160p.AMZN...
Item 4: Predator: Badlands (2160p WEB-DL HEVC) 11.47 GB English WEB-DL Predator.Badlands.2025.2160p.AMZN.WEB...
Item 5: Predator: Badlands (1080p WEB-DL HEVC) 5.71 GB English WEB-DL Predator.Badlands.2025.1080p.iT.WEB-DL...
Item 6: Predator: Badlands (1080p WEB-DL x264) 5.57 GB English WEB-DL Predator.Badlands.2025.1080p.AMZN.WEB-...
Item 7: Predator: Badlands (1080p WEB-DL x264) 5.48 GB English WEB-DL Predator.Badlands.2025.1080p.iT.WEB-DL...
Item 8: Predator: Badlands (720p WEB-DL x264) 2.53 GB English WEB-DL Predator.Badlands.2025.720p.AMZN.WEB-DL...
Found HubCloud link: https://gadgetsweb.xyz/?id=Q1dxTzFnbjhrQm5kMG5lL01tQzcvZzhmMjZOTkNrdktvSEp1VXBaU3FnZVpIbmdmS0k3N0R0UTlVaGxlUU90aE9ETjg1RGgya2UzaGJWV3FabGR5NHc9PQ==
Found HubCloud link: https://gadgetsweb.xyz/?id=Q1dxTzFnbjhrQm5kMG5lL01tQzcvZzhmMjZOTkNrdktvSEp1VXBaU3FnZWMrUkRnalJ5ZnNTcXpEWU1nS2xIV1ArSzhtTUE1M2c0V2cvT1ZPa0Mwcmc9PQ==
Found HubCloud link: https://gadgetsweb.xyz/?id=Q1dxTzFnbjhrQm5kMG5lL01tQzcvZzhmMjZOTkNrdktvSEp1VXBaU3FnZXdSSEw2YmtJLzA3T2RUb25iS0kxQlBpN2ZTYlZ1aWdxZFFsa0VmakZKVkE9PQ==
Found HubCloud link: https://gadgetsweb.xyz/?id=Q1dxTzFnbjhrQm5kMG5lL01tQzcvZzhmMjZOTkNrdktvSEp1VXBaU3FnZVdmSDlCOStlaGhQaXArVGtVQld0Q2NIc1lrRHhvTFVxSGRCNXhQT0ZPbXc9PQ==
Found HubCloud link: https://gadgetsweb.xyz/?id=Q1dxTzFnbjhrQm5kMG5lL01tQzcvZzhmMjZOTkNrdktvSEp1VXBaU3FnZUlTV3cvRzRmLzhsc29NUmJTNU1oeVUweFI4T2UrSUdpM05seXJMYndkYkE9PQ==
Found HubCloud link: https://gadgetsweb.xyz/?id=Q1dxTzFnbjhrQm5kMG5lL01tQzcvZzhmMjZOTkNrdktvSEp1VXBaU3FnZkJGenl4TUk0RHR0dUZvcERoS1ZhSHZUSjdoYlRERmhKNDd3dnYzRWl2Y3c9PQ==
Found HubCloud link: https://gadgetsweb.xyz/?id=Q1dxTzFnbjhrQm5kMG5lL01tQzcvZzhmMjZOTkNrdktvSEp1VXBaU3FnZkZVOWlacVl4MFY1SFNWaDJTUkZmTlVUMjdyY1hLaDRJckNSV0xYK1E0TVE9PQ==
Found HubCloud link: https://gadgetsweb.xyz/?id=Q1dxTzFnbjhrQm5kMG5lL01tQzcvZzhmMjZOTkNrdktvSEp1VXBaU3FnZVRZdnVlOWN0dVJpTEZzcmkwYjhjZnhlaG1XazkvNUZiNkxhTzJCL1htQmc9PQ==
Found HubCloud link: https://gadgetsweb.xyz/?id=Q1dxTzFnbjhrQm5kMG5lL01tQzcvZzhmMjZOTkNrdktvSEp1VXBaU3FnZTlQYlROeU5ISUN1RERRS3pnbXRuT3RmVWd2UFoxaDc3UXJrOGxvV0huUmc9PQ==
Total HubCloud links found manually: 9
🔍 [4KHDHub] Searching: https://4khdhub.dad/?s=Predator%20Badlands%202025
✅ [4KHDHub] Found Page: https://4khdhub.dad/predator-badlands-movie-5215/
✅ [4KHDHub] Resolved URL: https://hubcloud.foo/drive/yf2495yvk94vrkw
✅ [4KHDHub] Resolved URL: https://hubcloud.foo/drive/ygvmlxyq1doomvw
✅ [4KHDHub] Resolved URL: https://hubcloud.foo/drive/mvdvlmlb1tv0qjl
✅ [4KHDHub] Resolved URL: https://hubcloud.foo/drive/gw71aklf7p88gzl
✅ [4KHDHub] Resolved URL: https://hubcloud.foo/drive/rbocby6bdokqecq
✅ [4KHDHub] Resolved URL: https://hubcloud.foo/drive/utasgajgup3oazn
✅ [4KHDHub] Resolved URL: https://hubcloud.foo/drive/zddbmsscdg8tg1m
✅ [4KHDHub] Resolved URL: https://hubcloud.foo/drive/plvfr1y1ryhsvhp
✅ [4KHDHub] Resolved URL: https://hubcloud.foo/drive/wewbjcawv1sycjy
✅ [4KHDHub] Found secondary redirect: https://gamerxyt.com/hubcloud.php?host=hubcloud&id=yf2495yvk94vrkw&token=LzR1TG9tRWdiRlBKVkdJYTV3L1JxUDJTWjJYVGFIeFBGdlBUZk03N3o1bz0=
⬇️ [4KHDHub] Fetching Final Page: https://gamerxyt.com/hubcloud.php?host=hubcloud&id=yf2495yvk94vrkw&token=LzR1TG9tRWdiRlBKVkdJYTV3L1JxUDJTWjJYVGFIeFBGdlBUZk03N3o1bz0=
✅ [4KHDHub] Found secondary redirect: https://gamerxyt.com/hubcloud.php?host=hubcloud&id=ygvmlxyq1doomvw&token=dWd4eENrSlZSQUxLNlZqRnhWdWplNS9BaFZmVkZ6NE0wck9naXkzb3k4cz0=
⬇️ [4KHDHub] Fetching Final Page: https://gamerxyt.com/hubcloud.php?host=hubcloud&id=ygvmlxyq1doomvw&token=dWd4eENrSlZSQUxLNlZqRnhWdWplNS9BaFZmVkZ6NE0wck9naXkzb3k4cz0=
✅ [4KHDHub] Found secondary redirect: https://gamerxyt.com/hubcloud.php?host=hubcloud&id=mvdvlmlb1tv0qjl&token=MWVvaUNaeTdob2NacktJK1dMRzNsTm1kNDhMN0hrT0wwY2JTSHdhemRLND0=
⬇️ [4KHDHub] Fetching Final Page: https://gamerxyt.com/hubcloud.php?host=hubcloud&id=mvdvlmlb1tv0qjl&token=MWVvaUNaeTdob2NacktJK1dMRzNsTm1kNDhMN0hrT0wwY2JTSHdhemRLND0=
✅ [4KHDHub] Found secondary redirect: https://gamerxyt.com/hubcloud.php?host=hubcloud&id=gw71aklf7p88gzl&token=cmZrT0grTjI2OFpieFppOEFQdUlNV1I0cjBaQjJ2NDUrd0hjd2ZGY1VBRT0=
⬇️ [4KHDHub] Fetching Final Page: https://gamerxyt.com/hubcloud.php?host=hubcloud&id=gw71aklf7p88gzl&token=cmZrT0grTjI2OFpieFppOEFQdUlNV1I0cjBaQjJ2NDUrd0hjd2ZGY1VBRT0=
✅ [4KHDHub] Found secondary redirect: https://gamerxyt.com/hubcloud.php?host=hubcloud&id=rbocby6bdokqecq&token=aDRlRVQ1N25HdjRRZHI0QkhhTU1KU3E2Umpub2EwVUw3SkRMeUF1UURocz0=
⬇️ [4KHDHub] Fetching Final Page: https://gamerxyt.com/hubcloud.php?host=hubcloud&id=rbocby6bdokqecq&token=aDRlRVQ1N25HdjRRZHI0QkhhTU1KU3E2Umpub2EwVUw3SkRMeUF1UURocz0=
✅ [4KHDHub] Found secondary redirect: https://gamerxyt.com/hubcloud.php?host=hubcloud&id=utasgajgup3oazn&token=L29vSUtiZzVIY0k3Qmc2azRydlVJeHhpeXNBT01reEpRRzBNSGpHRDVvcz0=
⬇️ [4KHDHub] Fetching Final Page: https://gamerxyt.com/hubcloud.php?host=hubcloud&id=utasgajgup3oazn&token=L29vSUtiZzVIY0k3Qmc2azRydlVJeHhpeXNBT01reEpRRzBNSGpHRDVvcz0=
✅ [4KHDHub] Found secondary redirect: https://gamerxyt.com/hubcloud.php?host=hubcloud&id=zddbmsscdg8tg1m&token=R2gyQkRteDJvSm90aENFeXVSTmJFdkFsQXBUTndscFVpZmg4MmlsZ0F3cz0=
⬇️ [4KHDHub] Fetching Final Page: https://gamerxyt.com/hubcloud.php?host=hubcloud&id=zddbmsscdg8tg1m&token=R2gyQkRteDJvSm90aENFeXVSTmJFdkFsQXBUTndscFVpZmg4MmlsZ0F3cz0=
✅ [4KHDHub] Found secondary redirect: https://gamerxyt.com/hubcloud.php?host=hubcloud&id=plvfr1y1ryhsvhp&token=S1lMVG84SWIrMDVZOU9JZDQvakFSRS93bnNURkNtdkxkRVhrSm14Tk83dz0=
⬇️ [4KHDHub] Fetching Final Page: https://gamerxyt.com/hubcloud.php?host=hubcloud&id=plvfr1y1ryhsvhp&token=S1lMVG84SWIrMDVZOU9JZDQvakFSRS93bnNURkNtdkxkRVhrSm14Tk83dz0=
✅ [4KHDHub] Found secondary redirect: https://gamerxyt.com/hubcloud.php?host=hubcloud&id=wewbjcawv1sycjy&token=d3kvZGk5eGJtWFhQRUNaVVF2Ym5OY2drbVA5ZlgrSG9rKzFGWGt4SVYrdz0=
⬇️ [4KHDHub] Fetching Final Page: https://gamerxyt.com/hubcloud.php?host=hubcloud&id=wewbjcawv1sycjy&token=d3kvZGk5eGJtWFhQRUNaVVF2Ym5OY2drbVA5ZlgrSG9rKzFGWGt4SVYrdz0=
🎬 [4KHDHub] Found 16 streams
Movie Streams via Scraper: [
  {
    "url": "https://love.polgen.buzz/7d3d0a1fc32600db82703e1173fd182e?token=1768072780",
    "quality": "2160p",
    "provider": "FourKHDHub",
    "label": "HubCloud - 2160p",
    "size": "18.88 GB",
    "type": "mkv"
  },
  {
    "url": "https://love.polgen.buzz/651eacb3e21c65cce87f4b67d4667736?token=1768072780",
    "quality": "2160p",
    "provider": "FourKHDHub",
    "label": "HubCloud - 2160p",
    "size": "18.87 GB",
    "type": "mkv"
  },
  {
    "url": "https://love.polgen.buzz/48066167d62797686dd0acf59ab3b673?token=1768072780",
    "quality": "2160p",
    "provider": "FourKHDHub",
    "label": "HubCloud - 2160p",
    "size": "18.55 GB",
    "type": "mkv"
  },
  {
    "url": "https://pixeldrain.dev/api/file/9aYyKfHG",
    "quality": "2160p",
    "provider": "FourKHDHub",
    "label": "HubCloud (Pixel) - 2160p",
    "size": "18.55 GB",
    "type": "mkv"
  },
  {
    "url": "https://love.polgen.buzz/f52085e551f8f18ec6d9ee58ba8502ee?token=1768072780",
    "quality": "2160p",
    "provider": "FourKHDHub",
    "label": "HubCloud - 2160p",
    "size": "15.15 GB",
    "type": "mkv"
  },
  {
    "url": "https://pixeldrain.dev/api/file/igizt7DK",
    "quality": "2160p",
    "provider": "FourKHDHub",
    "label": "HubCloud (Pixel) - 2160p",
    "size": "15.15 GB",
    "type": "mkv"
  },
  {
    "url": "https://love.polgen.buzz/30b0481939ea8eed6282e1d21e34dff2?token=1768072780",
    "quality": "2160p",
    "provider": "FourKHDHub",
    "label": "HubCloud - 2160p",
    "size": "11.47 GB",
    "type": "mkv"
  },
  {
    "url": "https://pixeldrain.dev/api/file/XXTmTEg6",
    "quality": "2160p",
    "provider": "FourKHDHub",
    "label": "HubCloud (Pixel) - 2160p",
    "size": "11.47 GB",
    "type": "mkv"
  },
  {
    "url": "https://love.polgen.buzz/fd99f6b7d2848a722375e80e9775720e?token=1768072780",
    "quality": "1080p",
    "provider": "FourKHDHub",
    "label": "HubCloud - 1080p",
    "size": "5.71 GB",
    "type": "mkv"
  },
  {
    "url": "https://pixeldrain.dev/api/file/jGFF52ue",
    "quality": "1080p",
    "provider": "FourKHDHub",
    "label": "HubCloud (Pixel) - 1080p",
    "size": "5.71 GB",
    "type": "mkv"
  },
  {
    "url": "https://love.polgen.buzz/f3b8570f52d3d2cdb9002b7ffb86e926?token=1768072780",
    "quality": "1080p",
    "provider": "FourKHDHub",
    "label": "HubCloud - 1080p",
    "size": "5.57 GB",
    "type": "mkv"
  },
  {
    "url": "https://pixeldrain.dev/api/file/XXhvUcej",
    "quality": "1080p",
    "provider": "FourKHDHub",
    "label": "HubCloud (Pixel) - 1080p",
    "size": "5.57 GB",
    "type": "mkv"
  },
  {
    "url": "https://love.polgen.buzz/33e71a7d2a147c8eb6b864ebce577989?token=1768072780",
    "quality": "1080p",
    "provider": "FourKHDHub",
    "label": "HubCloud - 1080p",
    "size": "5.48 GB",
    "type": "mkv"
  },
  {
    "url": "https://pixeldrain.dev/api/file/uCcxmpHT",
    "quality": "1080p",
    "provider": "FourKHDHub",
    "label": "HubCloud (Pixel) - 1080p",
    "size": "5.48 GB",
    "type": "mkv"
  },
  {
    "url": "https://love.polgen.buzz/f1c1045577e5df083b05918525cbdbb5?token=1768072780",
    "quality": "720p",
    "provider": "FourKHDHub",
    "label": "HubCloud - 720p",
    "size": "2.53 GB",
    "type": "mkv"
  },
  {
    "url": "https://pixeldrain.dev/api/file/vdTZZptD",
    "quality": "720p",
    "provider": "FourKHDHub",
    "label": "HubCloud (Pixel) - 720p",
    "size": "2.53 GB",
    "type": "mkv"
  }
]
-------------------
