WARNING: A restricted method in java.lang.System has been called
WARNING: java.lang.System::load has been called by net.rubygrapefruit.platform.internal.NativeLibraryLoader in an unnamed module (file:/Users/aniskedidi/.gradle/wrapper/dists/gradle-8.13-bin/5xuhj0ry160q40clulazy9h7d/gradle-8.13/lib/native-platform-0.22-milestone-28.jar)
WARNING: Use --enable-native-access=ALL-UNNAMED to avoid a warning for callers in this module
WARNING: Restricted methods will be blocked in a future release unless native access is enabled

> Task :app:preBuild UP-TO-DATE
> Task :app:preDebugBuild UP-TO-DATE
> Task :app:javaPreCompileDebug UP-TO-DATE
> Task :app:checkDebugAarMetadata UP-TO-DATE
> Task :app:generateDebugResValues UP-TO-DATE
> Task :app:mapDebugSourceSetPaths
> Task :app:generateDebugResources
> Task :app:packageDebugResources
> Task :app:mergeDebugResources
> Task :app:createDebugCompatibleScreenManifests UP-TO-DATE
> Task :app:extractDeepLinksDebug UP-TO-DATE
> Task :app:processDebugMainManifest UP-TO-DATE
> Task :app:processDebugManifest UP-TO-DATE
> Task :app:processDebugManifestForPackage UP-TO-DATE
> Task :app:parseDebugLocalResources
> Task :app:processDebugResources

> Task :app:compileDebugJavaWithJavac
Java compiler version 21 has deprecated support for compiling with source/target version 8.
Try one of the following options:
    1. [Recommended] Use Java toolchain with a lower language version
    2. Set a higher source/target version
    3. Use a lower version of the JDK running the build (if you're not using Java toolchain)
For more details on how to configure these settings, see https://developer.android.com/build/jdks.
To suppress this warning, set android.javaCompile.suppressSourceTargetDeprecationWarning=true in gradle.properties.
warning: [options] source value 8 is obsolete and will be removed in a future release
warning: [options] target value 8 is obsolete and will be removed in a future release
warning: [options] To suppress warnings about obsolete options, use -Xlint:-options.
/Users/aniskedidi/Documents/perso/AnisFlix/android-native/app/src/main/java/com/anisflix/database/FavoriteEntity.java:10: warning: There are multiple good constructors and Room will pick the no-arg constructor. You can use the @Ignore annotation to eliminate unwanted constructors.
public class FavoriteEntity {
       ^
/Users/aniskedidi/Documents/perso/AnisFlix/android-native/app/src/main/java/com/anisflix/database/FavoriteEntity.java:10: warning: There are multiple good constructors and Room will pick the no-arg constructor. You can use the @Ignore annotation to eliminate unwanted constructors.
public class FavoriteEntity {
       ^
Note: Some input files use or override a deprecated API.
Note: Recompile with -Xlint:deprecation for details.
5 warnings

[Incubating] Problems report is available at: file:///Users/aniskedidi/Documents/perso/AnisFlix/android-native/build/reports/problems/problems-report.html

Deprecated Gradle features were used in this build, making it incompatible with Gradle 9.0.

You can use '--warning-mode all' to show the individual deprecation warnings and determine if they come from your own scripts or plugins.

For more on this, please refer to https://docs.gradle.org/8.13/userguide/command_line_interface.html#sec:command_line_warnings in the Gradle documentation.

BUILD SUCCESSFUL in 6s
15 actionable tasks: 7 executed, 8 up-to-date
